<?xml version="1.0" encoding="UTF-8"?>
<testng-results skipped="0" failed="0" ignored="0" total="4" passed="4">
  <reporter-output>
  </reporter-output>
  <suite name="All Test Suite" duration-ms="32638" started-at="2019-11-18T11:15:02Z" finished-at="2019-11-18T11:15:34Z">
    <groups>
    </groups>
    <test name="TestClass1 run" duration-ms="32616" started-at="2019-11-18T11:15:02Z" finished-at="2019-11-18T11:15:34Z">
      <class name="TestClasses.TestClass1">
        <test-method status="PASS" signature="initiateDriver()[pri:0, instance:TestClasses.TestClass1@4157f54e]" name="initiateDriver" is-config="true" duration-ms="2797" started-at="2019-11-18T11:15:02Z" finished-at="2019-11-18T11:15:04Z">
          <reporter-output>
          </reporter-output>
        </test-method> <!-- initiateDriver -->
        <test-method status="PASS" signature="firstCroupSecondTest()[pri:0, instance:TestClasses.TestClass1@4157f54e]" name="firstCroupSecondTest" duration-ms="3747" started-at="2019-11-18T11:15:05Z" finished-at="2019-11-18T11:15:08Z">
          <reporter-output>
          </reporter-output>
        </test-method> <!-- firstCroupSecondTest -->
        <test-method status="PASS" signature="firstGroupFirstTest()[pri:0, instance:TestClasses.TestClass1@4157f54e]" name="firstGroupFirstTest" duration-ms="21992" started-at="2019-11-18T11:15:08Z" finished-at="2019-11-18T11:15:30Z">
          <reporter-output>
          </reporter-output>
        </test-method> <!-- firstGroupFirstTest -->
        <test-method status="PASS" signature="firstGroupFourthTest()[pri:0, instance:TestClasses.TestClass1@4157f54e]" name="firstGroupFourthTest" duration-ms="2211" started-at="2019-11-18T11:15:30Z" finished-at="2019-11-18T11:15:32Z">
          <reporter-output>
          </reporter-output>
        </test-method> <!-- firstGroupFourthTest -->
        <test-method status="PASS" signature="firstGroupThirdTest()[pri:0, instance:TestClasses.TestClass1@4157f54e]" name="firstGroupThirdTest" duration-ms="1752" started-at="2019-11-18T11:15:32Z" finished-at="2019-11-18T11:15:34Z">
          <reporter-output>
          </reporter-output>
        </test-method> <!-- firstGroupThirdTest -->
        <test-method status="PASS" signature="closeDriver()[pri:0, instance:TestClasses.TestClass1@4157f54e]" name="closeDriver" is-config="true" duration-ms="100" started-at="2019-11-18T11:15:34Z" finished-at="2019-11-18T11:15:34Z">
          <reporter-output>
          </reporter-output>
        </test-method> <!-- closeDriver -->
      </class> <!-- TestClasses.TestClass1 -->
    </test> <!-- TestClass1 run -->
    <test name="test groups run" duration-ms="0" started-at="2019-11-18T11:15:34Z" finished-at="2019-11-18T11:15:34Z">
    </test> <!-- test groups run -->
  </suite> <!-- All Test Suite -->
</testng-results>
