<?xml version="1.0" encoding="UTF-8"?>
<!-- Generated by org.testng.reporters.JUnitXMLReporter -->
<testsuite hostname="DESKTOP-1D52MLD" ignored="0" name="TestClass1 run" tests="4" failures="0" timestamp="18 лист. 2019 11:15:34 GMT" time="32.616" errors="0">
  <testcase name="firstCroupSecondTest" time="3.747" classname="TestClasses.TestClass1"/>
  <testcase name="firstGroupFirstTest" time="21.992" classname="TestClasses.TestClass1"/>
  <testcase name="firstGroupFourthTest" time="2.211" classname="TestClasses.TestClass1"/>
  <testcase name="firstGroupThirdTest" time="1.752" classname="TestClasses.TestClass1"/>
</testsuite> <!-- TestClass1 run -->
